[DEBUG] 2019-04-03 11:03:01.028 [AWT-EventQueue-0] GameBoardFacade - Loading edu.rpi.legup.puzzle.lightup.LightUp
[DEBUG] 2019-04-03 11:03:01.270 [AWT-EventQueue-0] History - History Cleared
[DEBUG] 2019-04-03 11:03:01.306 [AWT-EventQueue-0] TreeView - Creating new views for tree view.
[DEBUG] 2019-04-03 11:03:01.358 [AWT-EventQueue-0] TreeView - DrawTree: dimensions - 50x215
[DEBUG] 2019-04-03 11:03:01.410 [AWT-EventQueue-0] TreeView - DrawTree: dimensions - 50x215
[INFO ] 2019-04-03 11:03:03.825 [AWT-EventQueue-0] History - Pushed EditDataCommand to stack.
[INFO ] 2019-04-03 11:03:03.826 [AWT-EventQueue-0] LegupUI - Pushing EditDataCommand to stack.
[DEBUG] 2019-04-03 11:03:03.835 [AWT-EventQueue-0] TreeView - DrawTree: dimensions - 143x215
[DEBUG] 2019-04-03 11:03:03.862 [AWT-EventQueue-0] TreeView - DrawTree: dimensions - 143x215
[INFO ] 2019-04-03 11:03:04.297 [AWT-EventQueue-0] History - Pushed EditDataCommand to stack.
[INFO ] 2019-04-03 11:03:04.297 [AWT-EventQueue-0] LegupUI - Pushing EditDataCommand to stack.
[DEBUG] 2019-04-03 11:03:04.298 [AWT-EventQueue-0] TreeView - DrawTree: dimensions - 143x215
[INFO ] 2019-04-03 11:03:04.697 [AWT-EventQueue-0] History - Pushed EditDataCommand to stack.
[INFO ] 2019-04-03 11:03:04.698 [AWT-EventQueue-0] LegupUI - Pushing EditDataCommand to stack.
[DEBUG] 2019-04-03 11:03:04.699 [AWT-EventQueue-0] TreeView - DrawTree: dimensions - 143x215
[INFO ] 2019-04-03 11:03:05.047 [AWT-EventQueue-0] History - Pushed EditDataCommand to stack.
[INFO ] 2019-04-03 11:03:05.047 [AWT-EventQueue-0] LegupUI - Pushing EditDataCommand to stack.
[DEBUG] 2019-04-03 11:03:05.048 [AWT-EventQueue-0] TreeView - DrawTree: dimensions - 143x215
[INFO ] 2019-04-03 11:03:05.597 [AWT-EventQueue-0] History - Pushed EditDataCommand to stack.
[INFO ] 2019-04-03 11:03:05.597 [AWT-EventQueue-0] LegupUI - Pushing EditDataCommand to stack.
[DEBUG] 2019-04-03 11:03:05.598 [AWT-EventQueue-0] TreeView - DrawTree: dimensions - 143x215
[INFO ] 2019-04-03 11:03:05.863 [AWT-EventQueue-0] History - Pushed EditDataCommand to stack.
[INFO ] 2019-04-03 11:03:05.864 [AWT-EventQueue-0] LegupUI - Pushing EditDataCommand to stack.
[DEBUG] 2019-04-03 11:03:05.865 [AWT-EventQueue-0] TreeView - DrawTree: dimensions - 143x215
[INFO ] 2019-04-03 11:03:06.297 [AWT-EventQueue-0] History - Pushed EditDataCommand to stack.
[INFO ] 2019-04-03 11:03:06.297 [AWT-EventQueue-0] LegupUI - Pushing EditDataCommand to stack.
[DEBUG] 2019-04-03 11:03:06.298 [AWT-EventQueue-0] TreeView - DrawTree: dimensions - 143x215
[DEBUG] 2019-04-03 11:03:07.640 [AWT-EventQueue-0] TreeView - DrawTree: dimensions - 143x215
[DEBUG] 2019-04-03 11:03:07.659 [AWT-EventQueue-0] TreeView - DrawTree: dimensions - 143x215
[DEBUG] 2019-04-03 11:03:08.220 [AWT-EventQueue-0] TreeView - DrawTree: dimensions - 143x215
[DEBUG] 2019-04-03 11:03:08.235 [AWT-EventQueue-0] TreeView - DrawTree: dimensions - 143x215
[DEBUG] 2019-04-03 11:03:08.268 [AWT-EventQueue-0] TreeView - DrawTree: dimensions - 143x215
[DEBUG] 2019-04-03 11:03:08.300 [AWT-EventQueue-0] TreeView - DrawTree: dimensions - 143x215
[DEBUG] 2019-04-03 11:03:08.341 [AWT-EventQueue-0] TreeView - DrawTree: dimensions - 143x215
[DEBUG] 2019-04-03 11:03:08.415 [AWT-EventQueue-0] TreeView - DrawTree: dimensions - 143x215
[DEBUG] 2019-04-03 11:03:08.492 [AWT-EventQueue-0] TreeView - DrawTree: dimensions - 143x215
[DEBUG] 2019-04-03 11:03:08.615 [AWT-EventQueue-0] TreeView - DrawTree: dimensions - 143x215
[DEBUG] 2019-04-03 11:03:08.677 [AWT-EventQueue-0] TreeView - DrawTree: dimensions - 143x215
[DEBUG] 2019-04-03 11:03:08.720 [AWT-EventQueue-0] TreeView - DrawTree: dimensions - 143x215
[DEBUG] 2019-04-03 11:03:08.812 [AWT-EventQueue-0] TreeView - DrawTree: dimensions - 143x215
[DEBUG] 2019-04-03 11:03:08.868 [AWT-EventQueue-0] TreeView - DrawTree: dimensions - 143x215
[DEBUG] 2019-04-03 11:03:08.908 [AWT-EventQueue-0] TreeView - DrawTree: dimensions - 143x215
[DEBUG] 2019-04-03 11:03:08.924 [AWT-EventQueue-0] TreeView - DrawTree: dimensions - 143x215
[DEBUG] 2019-04-03 11:03:08.957 [AWT-EventQueue-0] TreeView - DrawTree: dimensions - 143x215
[DEBUG] 2019-04-03 11:03:08.980 [AWT-EventQueue-0] TreeView - DrawTree: dimensions - 143x215
[DEBUG] 2019-04-03 11:03:08.998 [AWT-EventQueue-0] TreeView - DrawTree: dimensions - 143x215
[DEBUG] 2019-04-03 11:03:09.128 [AWT-EventQueue-0] TreeView - DrawTree: dimensions - 143x215
[DEBUG] 2019-04-03 11:03:09.256 [AWT-EventQueue-0] TreeView - DrawTree: dimensions - 143x215
[DEBUG] 2019-04-03 11:03:09.802 [AWT-EventQueue-0] TreeView - DrawTree: dimensions - 143x215
[DEBUG] 2019-04-03 11:03:09.836 [AWT-EventQueue-0] TreeView - DrawTree: dimensions - 143x215
[DEBUG] 2019-04-03 11:03:09.866 [AWT-EventQueue-0] TreeView - DrawTree: dimensions - 143x215
[DEBUG] 2019-04-03 11:03:10.061 [AWT-EventQueue-0] TreeView - DrawTree: dimensions - 143x215
[DEBUG] 2019-04-03 11:03:10.506 [AWT-EventQueue-0] TreeView - DrawTree: dimensions - 143x215
[DEBUG] 2019-04-03 11:03:10.511 [AWT-EventQueue-0] TreeView - DrawTree: dimensions - 143x215
[DEBUG] 2019-04-03 11:03:10.518 [AWT-EventQueue-0] TreeView - DrawTree: dimensions - 143x215
[DEBUG] 2019-04-03 11:03:10.532 [AWT-EventQueue-0] TreeView - DrawTree: dimensions - 143x215
[DEBUG] 2019-04-03 11:03:10.540 [AWT-EventQueue-0] TreeView - DrawTree: dimensions - 143x215
[DEBUG] 2019-04-03 11:03:10.549 [AWT-EventQueue-0] TreeView - DrawTree: dimensions - 143x215
[DEBUG] 2019-04-03 11:03:10.558 [AWT-EventQueue-0] TreeView - DrawTree: dimensions - 143x215
[DEBUG] 2019-04-03 11:03:10.574 [AWT-EventQueue-0] TreeView - DrawTree: dimensions - 143x215
[DEBUG] 2019-04-03 11:03:10.593 [AWT-EventQueue-0] TreeView - DrawTree: dimensions - 143x215
[DEBUG] 2019-04-03 11:03:10.657 [AWT-EventQueue-0] TreeView - DrawTree: dimensions - 143x215
[DEBUG] 2019-04-03 11:03:10.721 [AWT-EventQueue-0] TreeView - DrawTree: dimensions - 143x215
[DEBUG] 2019-04-03 11:03:10.778 [AWT-EventQueue-0] TreeView - DrawTree: dimensions - 143x215
[DEBUG] 2019-04-03 11:03:11.021 [AWT-EventQueue-0] TreeView - DrawTree: dimensions - 143x215
[DEBUG] 2019-04-03 11:03:11.036 [AWT-EventQueue-0] TreeView - DrawTree: dimensions - 143x215
[DEBUG] 2019-04-03 11:03:11.060 [AWT-EventQueue-0] TreeView - DrawTree: dimensions - 143x215
[DEBUG] 2019-04-03 11:03:11.101 [AWT-EventQueue-0] TreeView - DrawTree: dimensions - 143x215
[DEBUG] 2019-04-03 11:03:11.151 [AWT-EventQueue-0] TreeView - DrawTree: dimensions - 143x215
[DEBUG] 2019-04-03 11:03:16.407 [AWT-EventQueue-0] TreeView - DrawTree: dimensions - 143x215
[DEBUG] 2019-04-03 11:03:16.413 [AWT-EventQueue-0] TreeView - DrawTree: dimensions - 143x215
[DEBUG] 2019-04-03 11:03:16.418 [AWT-EventQueue-0] TreeView - DrawTree: dimensions - 143x215
[DEBUG] 2019-04-03 11:03:16.435 [AWT-EventQueue-0] TreeView - DrawTree: dimensions - 143x215
[DEBUG] 2019-04-03 11:03:16.446 [AWT-EventQueue-0] TreeView - DrawTree: dimensions - 143x215
[DEBUG] 2019-04-03 11:03:16.451 [AWT-EventQueue-0] TreeView - DrawTree: dimensions - 143x215
[DEBUG] 2019-04-03 11:03:16.464 [AWT-EventQueue-0] TreeView - DrawTree: dimensions - 143x215
[DEBUG] 2019-04-03 11:03:16.475 [AWT-EventQueue-0] TreeView - DrawTree: dimensions - 143x215
[DEBUG] 2019-04-03 11:03:16.486 [AWT-EventQueue-0] TreeView - DrawTree: dimensions - 143x215
[DEBUG] 2019-04-03 11:03:16.493 [AWT-EventQueue-0] TreeView - DrawTree: dimensions - 143x215
[DEBUG] 2019-04-03 11:03:16.507 [AWT-EventQueue-0] TreeView - DrawTree: dimensions - 143x215
[DEBUG] 2019-04-03 11:03:16.514 [AWT-EventQueue-0] TreeView - DrawTree: dimensions - 143x215
[DEBUG] 2019-04-03 11:03:16.523 [AWT-EventQueue-0] TreeView - DrawTree: dimensions - 143x215
[DEBUG] 2019-04-03 11:03:16.537 [AWT-EventQueue-0] TreeView - DrawTree: dimensions - 143x215
[DEBUG] 2019-04-03 11:03:16.552 [AWT-EventQueue-0] TreeView - DrawTree: dimensions - 143x215
[DEBUG] 2019-04-03 11:03:16.568 [AWT-EventQueue-0] TreeView - DrawTree: dimensions - 143x215
[DEBUG] 2019-04-03 11:03:16.585 [AWT-EventQueue-0] TreeView - DrawTree: dimensions - 143x215
[DEBUG] 2019-04-03 11:03:16.624 [AWT-EventQueue-0] TreeView - DrawTree: dimensions - 143x215
[DEBUG] 2019-04-03 11:03:16.631 [AWT-EventQueue-0] TreeView - DrawTree: dimensions - 143x215
[DEBUG] 2019-04-03 11:03:16.639 [AWT-EventQueue-0] TreeView - DrawTree: dimensions - 143x215
[DEBUG] 2019-04-03 11:03:16.647 [AWT-EventQueue-0] TreeView - DrawTree: dimensions - 143x215
[DEBUG] 2019-04-03 11:03:16.660 [AWT-EventQueue-0] TreeView - DrawTree: dimensions - 143x215
[DEBUG] 2019-04-03 11:03:16.668 [AWT-EventQueue-0] TreeView - DrawTree: dimensions - 143x215
[DEBUG] 2019-04-03 11:03:16.680 [AWT-EventQueue-0] TreeView - DrawTree: dimensions - 143x215
[DEBUG] 2019-04-03 11:03:16.687 [AWT-EventQueue-0] TreeView - DrawTree: dimensions - 143x215
[DEBUG] 2019-04-03 11:03:16.707 [AWT-EventQueue-0] TreeView - DrawTree: dimensions - 143x215
[DEBUG] 2019-04-03 11:03:16.727 [AWT-EventQueue-0] TreeView - DrawTree: dimensions - 143x215
[DEBUG] 2019-04-03 11:03:16.790 [AWT-EventQueue-0] TreeView - DrawTree: dimensions - 143x215
[DEBUG] 2019-04-03 11:03:16.813 [AWT-EventQueue-0] TreeView - DrawTree: dimensions - 143x215
[DEBUG] 2019-04-03 11:03:16.834 [AWT-EventQueue-0] TreeView - DrawTree: dimensions - 143x215
[DEBUG] 2019-04-03 11:03:16.867 [AWT-EventQueue-0] TreeView - DrawTree: dimensions - 143x215
[DEBUG] 2019-04-03 11:03:16.875 [AWT-EventQueue-0] TreeView - DrawTree: dimensions - 143x215
[DEBUG] 2019-04-03 11:03:16.891 [AWT-EventQueue-0] TreeView - DrawTree: dimensions - 143x215
[DEBUG] 2019-04-03 11:03:16.908 [AWT-EventQueue-0] TreeView - DrawTree: dimensions - 143x215
[DEBUG] 2019-04-03 11:03:16.964 [AWT-EventQueue-0] TreeView - DrawTree: dimensions - 143x215
[DEBUG] 2019-04-03 11:03:17.234 [AWT-EventQueue-0] TreeView - DrawTree: dimensions - 143x215
[DEBUG] 2019-04-03 11:03:17.266 [AWT-EventQueue-0] TreeView - DrawTree: dimensions - 143x215
[DEBUG] 2019-04-03 11:03:17.285 [AWT-EventQueue-0] TreeView - DrawTree: dimensions - 143x215
[DEBUG] 2019-04-03 11:03:17.314 [AWT-EventQueue-0] TreeView - DrawTree: dimensions - 143x215
[DEBUG] 2019-04-03 11:03:17.428 [AWT-EventQueue-0] TreeView - DrawTree: dimensions - 143x215
[DEBUG] 2019-04-03 11:03:17.498 [AWT-EventQueue-0] TreeView - DrawTree: dimensions - 143x215
[DEBUG] 2019-04-03 11:03:17.598 [AWT-EventQueue-0] TreeView - DrawTree: dimensions - 143x215
[DEBUG] 2019-04-03 11:03:17.617 [AWT-EventQueue-0] TreeView - DrawTree: dimensions - 143x215
[DEBUG] 2019-04-03 11:03:17.632 [AWT-EventQueue-0] TreeView - DrawTree: dimensions - 143x215
[DEBUG] 2019-04-03 11:03:17.658 [AWT-EventQueue-0] TreeView - DrawTree: dimensions - 143x215
